APPLICATION_BINARY_DIR:PATH=C:/Users/Brian/pouch_gateway_clean/build_controller
APPLICATION_SOURCE_DIR:PATH=C:/Users/Brian/pouch_gateway_clean/zephyr/share/sysbuild/template
APP_DIR:PATH=C:/Users/Brian/pouch_gateway_clean/pouch-gateway/controller
BOARD_DIR:PATH=C:/Users/Brian/pouch_gateway_clean/zephyr/boards/nordic/nrf9160dk
BOARD_DIRECTORIES:INTERNAL=C:/Users/Brian/pouch_gateway_clean/zephyr/boards/nordic/nrf9160dk
BOARD_EXTENSIONS:BOOL=ON
CACHED_BOARD:STRING=nrf9160dk/nrf52840
CACHED_SHIELD:STRING=
CACHED_SNIPPET:STRING=
FIND_PACKAGE_MESSAGE_DETAILS_Python3:INTERNAL=[C:/Python311/python.exe][found components: Interpreter ][v3.11.9(3.10)]
HWM:INTERNAL=v2
HWMv2:INTERNAL=True
WEST:INTERNAL=C:/Python311/python.exe;-m;west
WEST_PYTHON:UNINITIALIZED=C:/Python311/python.exe
ZEPHYR_BASE:PATH=C:/Users/Brian/pouch_gateway_clean/zephyr
Zephyr_DIR:PATH=C:/Users/Brian/pouch_gateway_clean/zephyr/share/zephyr-package/cmake
_Python3_Compiler_REASON_FAILURE:INTERNAL=
_Python3_Development_REASON_FAILURE:INTERNAL=
_Python3_EXECUTABLE:INTERNAL=C:/Python311/python.exe
_Python3_EXECUTABLE_DEBUG:INTERNAL=_Python3_EXECUTABLE_DEBUG-NOTFOUND
_Python3_INTERPRETER_PROPERTIES:INTERNAL=Python;3;11;9;64;<none>;cp311-win_amd64;;C:\Python311\Lib;C:\Python311\Lib;C:\Python311\Lib\site-packages;C:\Python311\Lib\site-packages
_Python3_INTERPRETER_SIGNATURE:INTERNAL=6cbe7ce6459925a2dbc549bdece337c9
_Python3_NumPy_REASON_FAILURE:INTERNAL=
controller_NCS_RUNNER_HEX:INTERNAL=C:/Users/Brian/pouch_gateway_clean/build_controller/merged.hex
sysbuild_toplevel_BINARY_DIR:STATIC=C:/Users/Brian/pouch_gateway_clean/build_controller
sysbuild_toplevel_IS_TOP_LEVEL:STATIC=ON
sysbuild_toplevel_SOURCE_DIR:STATIC=C:/Users/Brian/pouch_gateway_clean/zephyr/share/sysbuild
BOARD:STRING=nrf9160dk@0.14.0/nrf52840
SYSBUILD_NAME:STRING=controller
SYSBUILD_MAIN_APP:BOOL=True
